<?xml version="1.0" encoding="UTF-8"?>
<testsuite xmlns:xsi="http://www.w3.org/2001/XMLSchema-instance" xsi:noNamespaceSchemaLocation="https://maven.apache.org/surefire/maven-surefire-plugin/xsd/surefire-test-report.xsd" version="3.0.2" name="tests.ClientTests" time="4.023" tests="2" errors="0" skipped="0" failures="0">
  <properties>
[...]
</properties>
  <testcase name="registerRemoteBotIntegrationTest" classname="tests.ClientTests" time="1.025">
    <system-out><![CDATA[13:45:39.252 [main] INFO org.springframework.boot.devtools.restart.RestartApplicationListener -- Restart disabled due to context in which it is running

  .   ____          _            __ _ _
 /\\ / ___'_ __ _ _(_)_ __  __ _ \ \ \ \
( ( )\___ | '_ | '_| | '_ \/ _` | \ \ \ \
 \\/  ___)| |_)| | | | | || (_| |  ) ) ) )
  '  |____| .__|_| |_|_| |_\__, | / / / /
 =========|_|==============|___/=/_/_/_/

 :: Spring Boot ::                (v4.0.3)

2026-04-07T13:45:39.632-04:00  INFO 28324 --- [           main] tests.ClientTests                        : Starting ClientTests using Java 17.0.18 with PID 28324 (started by darre in C:\Users\darre\Downloads\TournamentSimulator2)
2026-04-07T13:45:39.634-04:00  INFO 28324 --- [           main] tests.ClientTests                        : No active profile set, falling back to 1 default profile: "default"
2026-04-07T13:45:40.661-04:00  INFO 28324 --- [           main] o.s.boot.tomcat.TomcatWebServer          : Tomcat initialized with port 0 (http)
2026-04-07T13:45:40.674-04:00  INFO 28324 --- [           main] o.apache.catalina.core.StandardService   : Starting service [Tomcat]
2026-04-07T13:45:40.674-04:00  INFO 28324 --- [           main] o.apache.catalina.core.StandardEngine    : Starting Servlet engine: [Apache Tomcat/11.0.18]
2026-04-07T13:45:40.729-04:00  INFO 28324 --- [           main] b.w.c.s.WebApplicationContextInitializer : Root WebApplicationContext: initialization completed in 1063 ms
2026-04-07T13:45:41.161-04:00  INFO 28324 --- [           main] o.s.boot.tomcat.TomcatWebServer          : Tomcat started on port 64986 (http) with context path '/'
2026-04-07T13:45:41.164-04:00  INFO 28324 --- [           main] tests.ClientTests                        : Started ClientTests in 1.925 seconds (process running for 4.379)
2026-04-07T13:45:41.952-04:00  INFO 28324 --- [o-auto-1-exec-1] o.a.c.c.C.[Tomcat].[localhost].[/]       : Initializing Spring DispatcherServlet 'dispatcherServlet'
2026-04-07T13:45:41.952-04:00  INFO 28324 --- [o-auto-1-exec-1] o.s.web.servlet.DispatcherServlet        : Initializing Servlet 'dispatcherServlet'
2026-04-07T13:45:41.953-04:00  INFO 28324 --- [o-auto-1-exec-1] o.s.web.servlet.DispatcherServlet        : Completed initialization in 1 ms
]]></system-out>
  </testcase>
  <testcase name="mainRunsWithoutCrash" classname="tests.ClientTests" time="0.281">
    <system-out><![CDATA[2026-04-07T13:45:42.202-04:00  INFO 28324 --- [           main] o.s.b.d.r.RestartApplicationListener     : Restart disabled due to context in which it is running

  .   ____          _            __ _ _
 /\\ / ___'_ __ _ _(_)_ __  __ _ \ \ \ \
( ( )\___ | '_ | '_| | '_ \/ _` | \ \ \ \
 \\/  ___)| |_)| | | | | || (_| |  ) ) ) )
  '  |____| .__|_| |_|_| |_\__, | / / / /
 =========|_|==============|___/=/_/_/_/

 :: Spring Boot ::                (v4.0.3)

2026-04-07T13:45:42.221-04:00  INFO 28324 --- [           main] clients.ClientApp                        : Starting ClientApp using Java 17.0.18 with PID 28324 (started by darre in C:\Users\darre\Downloads\TournamentSimulator2)
2026-04-07T13:45:42.221-04:00  INFO 28324 --- [           main] clients.ClientApp                        : The following 1 profile is active: "random"
2026-04-07T13:45:42.346-04:00  INFO 28324 --- [           main] o.s.boot.tomcat.TomcatWebServer          : Tomcat initialized with port 0 (http)
2026-04-07T13:45:42.347-04:00  INFO 28324 --- [           main] o.apache.catalina.core.StandardService   : Starting service [Tomcat]
2026-04-07T13:45:42.347-04:00  INFO 28324 --- [           main] o.apache.catalina.core.StandardEngine    : Starting Servlet engine: [Apache Tomcat/11.0.18]
2026-04-07T13:45:42.368-04:00  INFO 28324 --- [           main] b.w.c.s.WebApplicationContextInitializer : Root WebApplicationContext: initialization completed in 145 ms
2026-04-07T13:45:42.471-04:00  INFO 28324 --- [           main] o.s.boot.tomcat.TomcatWebServer          : Tomcat started on port 64989 (http) with context path '/'
2026-04-07T13:45:42.475-04:00  INFO 28324 --- [           main] clients.ClientApp                        : Started ClientApp in 0.274 seconds (process running for 5.69)
]]></system-out>
  </testcase>
</testsuite>